<?xml version="1.0" encoding="UTF-8"?>
<!-- Generated by org.testng.reporters.JUnitReportReporter -->
<testsuite hostname="HOME" name="TestScripts.Gmail_tables" tests="1" failures="0" timestamp="12 Feb 2016 12:27:31 GMT" time="55.944" errors="0">
  <testcase name="extractData1" time="55.944" classname="TestScripts.Gmail_tables"/>
</testsuite> <!-- TestScripts.Gmail_tables -->
