<?xml version="1.0" encoding="UTF-8"?>
<!-- Generated by org.testng.reporters.JUnitReportReporter -->
<testsuite hostname="HOME" name="Test2" tests="2" failures="0" timestamp="17 Dec 2015 17:24:33 GMT" time="0.008" errors="0">
  <testcase name="sendRequest1" time="0.002" classname="Test2"/>
  <testcase name="addFriend" time="0.006" classname="Test2"/>
</testsuite> <!-- Test2 -->
