<?xml version="1.0" encoding="UTF-8"?>
<!-- Generated by org.testng.reporters.JUnitReportReporter -->
<testsuite hostname="HOME" name="TestScripts.TestCases1" tests="1" failures="0" timestamp="15 Feb 2016 18:04:58 GMT" time="1.007" errors="0">
  <testcase name="getExcelData" time="1.007" classname="TestScripts.TestCases1"/>
</testsuite> <!-- TestScripts.TestCases1 -->
