<?xml version="1.0" encoding="UTF-8"?>
<!-- Generated by org.testng.reporters.JUnitReportReporter -->
<testsuite hostname="HOME" name="testng_listeners.LoginTest" tests="2" failures="0" timestamp="28 Feb 2016 16:59:33 GMT" time="0.018" errors="0">
  <testcase name="login" time="0.017" classname="testng_listeners.LoginTest"/>
  <testcase name="admin_login" time="0.001" classname="testng_listeners.LoginTest"/>
</testsuite> <!-- testng_listeners.LoginTest -->
