<?xml version="1.0" encoding="UTF-8"?>
<!-- Generated by org.testng.reporters.JUnitReportReporter -->
<testsuite hostname="HOME" name="Test1" tests="5" failures="0" timestamp="28 Jan 2016 07:13:32 GMT" time="0.023" errors="0">
  <testcase name="Method5" time="0.002" classname="Test1"/>
  <testcase name="Method1" time="0.011" classname="Test1"/>
  <testcase name="Method2" time="0.002" classname="Test1"/>
  <testcase name="Method4" time="0.006" classname="Test1"/>
  <testcase name="Method3" time="0.002" classname="Test1"/>
</testsuite> <!-- Test1 -->
