<?xml version="1.0" encoding="UTF-8"?>
<!-- Generated by org.testng.reporters.JUnitReportReporter -->
<testsuite hostname="HOME" name="Test_ant.Handlingxslx" tests="1" failures="0" timestamp="12 Feb 2016 17:42:57 GMT" time="1.012" errors="0">
  <testcase name="reading_xslx" time="1.012" classname="Test_ant.Handlingxslx"/>
</testsuite> <!-- Test_ant.Handlingxslx -->
