<?xml version="1.0" encoding="UTF-8"?>
<!-- Generated by org.testng.reporters.JUnitReportReporter -->
<testsuite hostname="HOME" name="Test_ant.LoginTest" tests="2" failures="0" timestamp="19 Dec 2016 16:52:46 GMT" time="0.029" errors="0">
  <testcase name="admin_login" time="0.000" classname="Test_ant.LoginTest"/>
  <testcase name="login" time="0.029" classname="Test_ant.LoginTest"/>
</testsuite> <!-- Test_ant.LoginTest -->
