<?xml version="1.0" encoding="UTF-8"?>
<!-- Generated by org.testng.reporters.JUnitReportReporter -->
<testsuite hostname="HOME" name="downloadingfile" tests="1" failures="0" timestamp="28 Feb 2016 10:18:42 GMT" time="36.969" errors="0">
  <testcase name="OpenURL" time="36.969" classname="downloadingfile"/>
</testsuite> <!-- downloadingfile -->
