<?xml version="1.0" encoding="UTF-8"?>
<!-- Generated by org.testng.reporters.JUnitReportReporter -->
<testsuite hostname="HOME" name="Mytesting" tests="1" failures="0" timestamp="28 Feb 2016 09:43:06 GMT" time="5.247" errors="0">
  <testcase name="test" time="5.247" classname="Mytesting"/>
</testsuite> <!-- Mytesting -->
