<?xml version="1.0" encoding="UTF-8"?>
<!-- Generated by org.testng.reporters.JUnitReportReporter -->
<testsuite hostname="HOME" name="DragAndDrop" tests="1" failures="0" timestamp="28 Feb 2016 09:12:02 GMT" time="21.969" errors="0">
  <testcase name="dragAndDrop" time="21.969" classname="DragAndDrop"/>
</testsuite> <!-- DragAndDrop -->
