<?xml version="1.0" encoding="UTF-8"?>
<!-- Generated by org.testng.reporters.JUnitReportReporter -->
<testsuite hostname="HOME" name="PickDate" tests="1" failures="0" timestamp="31 Aug 2016 12:48:49 GMT" time="0.003" errors="1">
  <testcase name="pickExpDate" time="0.003" classname="PickDate">
    <error type="org.openqa.selenium.WebDriverException" message="Failed to connect to binary FirefoxBinary(C:\Program Files (x86)\Mozilla Firefox\firefox.exe) on port 7055; process output follows: 
,&quot;syncGUID&quot;:&quot;6Hb1N_lp9tE1&quot;,&quot;location&quot;:&quot;app-global&quot;,&quot;version&quot;:&quot;48.0.2&quot;,&quot;type&quot;:&quot;theme&quot;,&quot;internalName&quot;:&quot;classic/1.0&quot;,&quot;updateURL&quot;:null,&quot;updateKey&quot;:null,&quot;optionsURL&quot;:null,&quot;optionsType&quot;:null,&quot;aboutURL&quot;:null,&quot;icons&quot;:{&quot;32&quot;:&quot;icon.png&quot;,&quot;48&quot;:&quot;icon.png&quot;},&quot;iconURL&quot;:null,&quot;icon64URL&quot;:null,&quot;defaultLocale&quot;:{&quot;name&quot;:&quot;Default&quot;,&quot;description&quot;:&quot;The default theme.&quot;,&quot;creator&quot;:&quot;Mozilla&quot;,&quot;homepageURL&quot;:null,&quot;contributors&quot;:[&quot;Mozilla Contributors&quot;]},&quot;visible&quot;:true,&quot;active&quot;:true,&quot;userDisabled&quot;:false,&quot;appDisabled&quot;:false,&quot;descriptor&quot;:&quot;C:\\Program Files (x86)\\Mozilla Firefox\\browser\\extensions\\{972ce4c6-7e08-4474-a285-3208198ce6fd}.xpi&quot;,&quot;installDate&quot;:1472142761154,&quot;updateDate&quot;:1472142761154,&quot;applyBackgroundUpdates&quot;:1,&quot;skinnable&quot;:true,&quot;size&quot;:21905,&quot;sourceURI&quot;:null,&quot;releaseNotesURI&quot;:null,&quot;softDisabled&quot;:false,&quot;foreignInstall&quot;:false,&quot;hasBinaryComponents&quot;:false,&quot;strictCompatibility&quot;:true,&quot;locales&quot;:[],&quot;targetApplications&quot;:[{&quot;id&quot;:&quot;{ec8030f7-c20a-464f-9b0e-13a3a9e97384}&quot;,&quot;minVersion&quot;:&quot;48.0.2&quot;,&quot;maxVersion&quot;:&quot;48.0.2&quot;}],&quot;targetPlatforms&quot;:[],&quot;seen&quot;:true}
1472647684547	addons.xpi	DEBUG	getModTime: Recursive scan of {972ce4c6-7e08-4474-a285-3208198ce6fd}
1472647684548	DeferredSave.extensions.json	DEBUG	Save changes
1472647684548	addons.xpi	DEBUG	Updating database with changes to installed add-ons
1472647684548	addons.xpi-utils	DEBUG	Updating add-on states
1472647684552	addons.xpi-utils	DEBUG	Writing add-ons list
1472647684555	addons.xpi	DEBUG	Registering manifest for C:\Program Files (x86)\Mozilla Firefox\browser\features\e10srollout@mozilla.org.xpi
1472647684556	addons.xpi	DEBUG	Calling bootstrap method startup on e10srollout@mozilla.org version 1.1
1472647684556	addons.xpi	DEBUG	Registering manifest for C:\Program Files (x86)\Mozilla Firefox\browser\features\firefox@getpocket.com.xpi
1472647684557	addons.xpi	DEBUG	Calling bootstrap method startup on firefox@getpocket.com version 1.0.4
1472647684558	addons.xpi	DEBUG	Registering manifest for C:\Program Files (x86)\Mozilla Firefox\browser\features\loop@mozilla.org.xpi
1472647684558	addons.xpi	DEBUG	Calling bootstrap method startup on loop@mozilla.org version 1.4.4
1472647684583	addons.manager	DEBUG	Registering shutdown blocker for XPIProvider
1472647684583	addons.manager	DEBUG	Provider finished startup: XPIProvider
1472647684584	addons.manager	DEBUG	Starting provider: LightweightThemeManager
1472647684584	addons.manager	DEBUG	Registering shutdown blocker for LightweightThemeManager
1472647684584	addons.manager	DEBUG	Provider finished startup: LightweightThemeManager
1472647684584	addons.manager	DEBUG	Starting provider: GMPProvider
1472647684592	addons.manager	DEBUG	Registering shutdown blocker for GMPProvider
1472647684592	addons.manager	DEBUG	Provider finished startup: GMPProvider
1472647684592	addons.manager	DEBUG	Starting provider: PluginProvider
1472647684593	addons.manager	DEBUG	Registering shutdown blocker for PluginProvider
1472647684593	addons.manager	DEBUG	Provider finished startup: PluginProvider
1472647684593	addons.manager	DEBUG	Completed startup sequence
1472647686491	DeferredSave.extensions.json	DEBUG	Starting write
1472647686502	addons.manager	DEBUG	Starting provider: &lt;unnamed-provider&gt;
1472647686502	addons.manager	DEBUG	Registering shutdown blocker for &lt;unnamed-provider&gt;
1472647686503	addons.manager	DEBUG	Provider finished startup: &lt;unnamed-provider&gt;
1472647686912	addons.repository	DEBUG	No addons.json found.
1472647686912	DeferredSave.addons.json	DEBUG	Save changes
1472647686916	DeferredSave.addons.json	DEBUG	Starting timer
1472647686954	addons.manager	DEBUG	Starting provider: PreviousExperimentProvider
1472647686954	addons.manager	DEBUG	Registering shutdown blocker for PreviousExperimentProvider
1472647686958	addons.manager	DEBUG	Provider finished startup: PreviousExperimentProvider
1472647686960	DeferredSave.extensions.json	DEBUG	Write succeeded
1472647686961	addons.xpi-utils	DEBUG	XPI Database saved, setting schema version preference to 17
1472647687025	DeferredSave.addons.json	DEBUG	Starting write
1472647687080	DeferredSave.addons.json	DEBUG	Write succeeded

Build info: version: &#039;2.48.2&#039;, revision: &#039;41bccdd&#039;, time: &#039;2015-10-09 19:55:52&#039;
System info: host: &#039;HOME&#039;, ip: &#039;192.168.0.6&#039;, os.name: &#039;Windows 8.1&#039;, os.arch: &#039;amd64&#039;, os.version: &#039;6.3&#039;, java.version: &#039;1.8.0_66&#039;
Driver info: driver.version: FirefoxDriver">
      <![CDATA[org.openqa.selenium.WebDriverException: Failed to connect to binary FirefoxBinary(C:\Program Files (x86)\Mozilla Firefox\firefox.exe) on port 7055; process output follows: 
,"syncGUID":"6Hb1N_lp9tE1","location":"app-global","version":"48.0.2","type":"theme","internalName":"classic/1.0","updateURL":null,"updateKey":null,"optionsURL":null,"optionsType":null,"aboutURL":null,"icons":{"32":"icon.png","48":"icon.png"},"iconURL":null,"icon64URL":null,"defaultLocale":{"name":"Default","description":"The default theme.","creator":"Mozilla","homepageURL":null,"contributors":["Mozilla Contributors"]},"visible":true,"active":true,"userDisabled":false,"appDisabled":false,"descriptor":"C:\\Program Files (x86)\\Mozilla Firefox\\browser\\extensions\\{972ce4c6-7e08-4474-a285-3208198ce6fd}.xpi","installDate":1472142761154,"updateDate":1472142761154,"applyBackgroundUpdates":1,"skinnable":true,"size":21905,"sourceURI":null,"releaseNotesURI":null,"softDisabled":false,"foreignInstall":false,"hasBinaryComponents":false,"strictCompatibility":true,"locales":[],"targetApplications":[{"id":"{ec8030f7-c20a-464f-9b0e-13a3a9e97384}","minVersion":"48.0.2","maxVersion":"48.0.2"}],"targetPlatforms":[],"seen":true}
1472647684547	addons.xpi	DEBUG	getModTime: Recursive scan of {972ce4c6-7e08-4474-a285-3208198ce6fd}
1472647684548	DeferredSave.extensions.json	DEBUG	Save changes
1472647684548	addons.xpi	DEBUG	Updating database with changes to installed add-ons
1472647684548	addons.xpi-utils	DEBUG	Updating add-on states
1472647684552	addons.xpi-utils	DEBUG	Writing add-ons list
1472647684555	addons.xpi	DEBUG	Registering manifest for C:\Program Files (x86)\Mozilla Firefox\browser\features\e10srollout@mozilla.org.xpi
1472647684556	addons.xpi	DEBUG	Calling bootstrap method startup on e10srollout@mozilla.org version 1.1
1472647684556	addons.xpi	DEBUG	Registering manifest for C:\Program Files (x86)\Mozilla Firefox\browser\features\firefox@getpocket.com.xpi
1472647684557	addons.xpi	DEBUG	Calling bootstrap method startup on firefox@getpocket.com version 1.0.4
1472647684558	addons.xpi	DEBUG	Registering manifest for C:\Program Files (x86)\Mozilla Firefox\browser\features\loop@mozilla.org.xpi
1472647684558	addons.xpi	DEBUG	Calling bootstrap method startup on loop@mozilla.org version 1.4.4
1472647684583	addons.manager	DEBUG	Registering shutdown blocker for XPIProvider
1472647684583	addons.manager	DEBUG	Provider finished startup: XPIProvider
1472647684584	addons.manager	DEBUG	Starting provider: LightweightThemeManager
1472647684584	addons.manager	DEBUG	Registering shutdown blocker for LightweightThemeManager
1472647684584	addons.manager	DEBUG	Provider finished startup: LightweightThemeManager
1472647684584	addons.manager	DEBUG	Starting provider: GMPProvider
1472647684592	addons.manager	DEBUG	Registering shutdown blocker for GMPProvider
1472647684592	addons.manager	DEBUG	Provider finished startup: GMPProvider
1472647684592	addons.manager	DEBUG	Starting provider: PluginProvider
1472647684593	addons.manager	DEBUG	Registering shutdown blocker for PluginProvider
1472647684593	addons.manager	DEBUG	Provider finished startup: PluginProvider
1472647684593	addons.manager	DEBUG	Completed startup sequence
1472647686491	DeferredSave.extensions.json	DEBUG	Starting write
1472647686502	addons.manager	DEBUG	Starting provider: <unnamed-provider>
1472647686502	addons.manager	DEBUG	Registering shutdown blocker for <unnamed-provider>
1472647686503	addons.manager	DEBUG	Provider finished startup: <unnamed-provider>
1472647686912	addons.repository	DEBUG	No addons.json found.
1472647686912	DeferredSave.addons.json	DEBUG	Save changes
1472647686916	DeferredSave.addons.json	DEBUG	Starting timer
1472647686954	addons.manager	DEBUG	Starting provider: PreviousExperimentProvider
1472647686954	addons.manager	DEBUG	Registering shutdown blocker for PreviousExperimentProvider
1472647686958	addons.manager	DEBUG	Provider finished startup: PreviousExperimentProvider
1472647686960	DeferredSave.extensions.json	DEBUG	Write succeeded
1472647686961	addons.xpi-utils	DEBUG	XPI Database saved, setting schema version preference to 17
1472647687025	DeferredSave.addons.json	DEBUG	Starting write
1472647687080	DeferredSave.addons.json	DEBUG	Write succeeded

Build info: version: '2.48.2', revision: '41bccdd', time: '2015-10-09 19:55:52'
System info: host: 'HOME', ip: '192.168.0.6', os.name: 'Windows 8.1', os.arch: 'amd64', os.version: '6.3', java.version: '1.8.0_66'
Driver info: driver.version: FirefoxDriver
	at org.openqa.selenium.firefox.internal.NewProfileExtensionConnection.start(NewProfileExtensionConnection.java:134)
	at org.openqa.selenium.firefox.FirefoxDriver.startClient(FirefoxDriver.java:271)
	at org.openqa.selenium.remote.RemoteWebDriver.<init>(RemoteWebDriver.java:117)
	at org.openqa.selenium.firefox.FirefoxDriver.<init>(FirefoxDriver.java:218)
	at org.openqa.selenium.firefox.FirefoxDriver.<init>(FirefoxDriver.java:211)
	at org.openqa.selenium.firefox.FirefoxDriver.<init>(FirefoxDriver.java:207)
	at org.openqa.selenium.firefox.FirefoxDriver.<init>(FirefoxDriver.java:120)
	at PickDate.start(PickDate.java:25)
	at sun.reflect.NativeMethodAccessorImpl.invoke0(Native Method)
	at sun.reflect.NativeMethodAccessorImpl.invoke(Unknown Source)
	at sun.reflect.DelegatingMethodAccessorImpl.invoke(Unknown Source)
	at java.lang.reflect.Method.invoke(Unknown Source)
	at org.testng.internal.MethodInvocationHelper.invokeMethod(MethodInvocationHelper.java:85)
	at org.testng.internal.Invoker.invokeConfigurationMethod(Invoker.java:510)
	at org.testng.internal.Invoker.invokeConfigurations(Invoker.java:211)
	at org.testng.internal.Invoker.invokeConfigurations(Invoker.java:138)
	at org.testng.TestRunner.beforeRun(TestRunner.java:647)
	at org.testng.TestRunner.run(TestRunner.java:615)
	at org.testng.SuiteRunner.runTest(SuiteRunner.java:357)
	at org.testng.SuiteRunner.runSequentially(SuiteRunner.java:352)
	at org.testng.SuiteRunner.privateRun(SuiteRunner.java:310)
	at org.testng.SuiteRunner.run(SuiteRunner.java:259)
	at org.testng.SuiteRunnerWorker.runSuite(SuiteRunnerWorker.java:52)
	at org.testng.SuiteRunnerWorker.run(SuiteRunnerWorker.java:86)
	at org.testng.TestNG.runSuitesSequentially(TestNG.java:1185)
	at org.testng.TestNG.runSuitesLocally(TestNG.java:1110)
	at org.testng.TestNG.run(TestNG.java:1018)
	at org.testng.remote.RemoteTestNG.run(RemoteTestNG.java:111)
	at org.testng.remote.RemoteTestNG.initAndRun(RemoteTestNG.java:204)
	at org.testng.remote.RemoteTestNG.main(RemoteTestNG.java:175)
Caused by: org.openqa.selenium.firefox.NotConnectedException: Unable to connect to host 127.0.0.1 on port 7055 after 45000 ms. Firefox console output:
,"syncGUID":"6Hb1N_lp9tE1","location":"app-global","version":"48.0.2","type":"theme","internalName":"classic/1.0","updateURL":null,"updateKey":null,"optionsURL":null,"optionsType":null,"aboutURL":null,"icons":{"32":"icon.png","48":"icon.png"},"iconURL":null,"icon64URL":null,"defaultLocale":{"name":"Default","description":"The default theme.","creator":"Mozilla","homepageURL":null,"contributors":["Mozilla Contributors"]},"visible":true,"active":true,"userDisabled":false,"appDisabled":false,"descriptor":"C:\\Program Files (x86)\\Mozilla Firefox\\browser\\extensions\\{972ce4c6-7e08-4474-a285-3208198ce6fd}.xpi","installDate":1472142761154,"updateDate":1472142761154,"applyBackgroundUpdates":1,"skinnable":true,"size":21905,"sourceURI":null,"releaseNotesURI":null,"softDisabled":false,"foreignInstall":false,"hasBinaryComponents":false,"strictCompatibility":true,"locales":[],"targetApplications":[{"id":"{ec8030f7-c20a-464f-9b0e-13a3a9e97384}","minVersion":"48.0.2","maxVersion":"48.0.2"}],"targetPlatforms":[],"seen":true}
1472647684547	addons.xpi	DEBUG	getModTime: Recursive scan of {972ce4c6-7e08-4474-a285-3208198ce6fd}
1472647684548	DeferredSave.extensions.json	DEBUG	Save changes
1472647684548	addons.xpi	DEBUG	Updating database with changes to installed add-ons
1472647684548	addons.xpi-utils	DEBUG	Updating add-on states
1472647684552	addons.xpi-utils	DEBUG	Writing add-ons list
1472647684555	addons.xpi	DEBUG	Registering manifest for C:\Program Files (x86)\Mozilla Firefox\browser\features\e10srollout@mozilla.org.xpi
1472647684556	addons.xpi	DEBUG	Calling bootstrap method startup on e10srollout@mozilla.org version 1.1
1472647684556	addons.xpi	DEBUG	Registering manifest for C:\Program Files (x86)\Mozilla Firefox\browser\features\firefox@getpocket.com.xpi
1472647684557	addons.xpi	DEBUG	Calling bootstrap method startup on firefox@getpocket.com version 1.0.4
1472647684558	addons.xpi	DEBUG	Registering manifest for C:\Program Files (x86)\Mozilla Firefox\browser\features\loop@mozilla.org.xpi
1472647684558	addons.xpi	DEBUG	Calling bootstrap method startup on loop@mozilla.org version 1.4.4
1472647684583	addons.manager	DEBUG	Registering shutdown blocker for XPIProvider
1472647684583	addons.manager	DEBUG	Provider finished startup: XPIProvider
1472647684584	addons.manager	DEBUG	Starting provider: LightweightThemeManager
1472647684584	addons.manager	DEBUG	Registering shutdown blocker for LightweightThemeManager
1472647684584	addons.manager	DEBUG	Provider finished startup: LightweightThemeManager
1472647684584	addons.manager	DEBUG	Starting provider: GMPProvider
1472647684592	addons.manager	DEBUG	Registering shutdown blocker for GMPProvider
1472647684592	addons.manager	DEBUG	Provider finished startup: GMPProvider
1472647684592	addons.manager	DEBUG	Starting provider: PluginProvider
1472647684593	addons.manager	DEBUG	Registering shutdown blocker for PluginProvider
1472647684593	addons.manager	DEBUG	Provider finished startup: PluginProvider
1472647684593	addons.manager	DEBUG	Completed startup sequence
1472647686491	DeferredSave.extensions.json	DEBUG	Starting write
1472647686502	addons.manager	DEBUG	Starting provider: <unnamed-provider>
1472647686502	addons.manager	DEBUG	Registering shutdown blocker for <unnamed-provider>
1472647686503	addons.manager	DEBUG	Provider finished startup: <unnamed-provider>
1472647686912	addons.repository	DEBUG	No addons.json found.
1472647686912	DeferredSave.addons.json	DEBUG	Save changes
1472647686916	DeferredSave.addons.json	DEBUG	Starting timer
1472647686954	addons.manager	DEBUG	Starting provider: PreviousExperimentProvider
1472647686954	addons.manager	DEBUG	Registering shutdown blocker for PreviousExperimentProvider
1472647686958	addons.manager	DEBUG	Provider finished startup: PreviousExperimentProvider
1472647686960	DeferredSave.extensions.json	DEBUG	Write succeeded
1472647686961	addons.xpi-utils	DEBUG	XPI Database saved, setting schema version preference to 17
1472647687025	DeferredSave.addons.json	DEBUG	Starting write
1472647687080	DeferredSave.addons.json	DEBUG	Write succeeded

	at org.openqa.selenium.firefox.internal.NewProfileExtensionConnection.start(NewProfileExtensionConnection.java:122)
	... 29 more
]]>
    </error>
  </testcase> <!-- pickExpDate -->
</testsuite> <!-- PickDate -->
