<?xml version="1.0" encoding="UTF-8"?>
<!-- Generated by org.testng.reporters.JUnitReportReporter -->
<testsuite hostname="HOME" name="DoubleClick" tests="1" failures="0" timestamp="28 Feb 2016 09:44:55 GMT" time="6.564" errors="0">
  <testcase name="doubleClick_Button" time="6.564" classname="DoubleClick"/>
</testsuite> <!-- DoubleClick -->
